<?xml version="1.0" encoding="UTF-8"?>
<testng-results skipped="0" failed="0" ignored="0" total="1" passed="1">
  <reporter-output>
  </reporter-output>
  <suite name="Default suite" duration-ms="1468" started-at="2018-09-07T12:07:41Z" finished-at="2018-09-07T12:07:43Z">
    <groups>
    </groups>
    <test name="Default test" duration-ms="1468" started-at="2018-09-07T12:07:41Z" finished-at="2018-09-07T12:07:43Z">
      <class name="com.qa.test.postAPITestClass">
        <test-method status="PASS" signature="setUp()[pri:0, instance:com.qa.test.postAPITestClass@59fa1d9b]" name="setUp" is-config="true" duration-ms="16" started-at="2018-09-07T12:07:41Z" finished-at="2018-09-07T12:07:41Z">
          <reporter-output>
          </reporter-output>
        </test-method> <!-- setUp -->
        <test-method status="PASS" signature="postAPITest()[pri:0, instance:com.qa.test.postAPITestClass@59fa1d9b]" name="postAPITest" duration-ms="1436" started-at="2018-09-07T12:07:41Z" finished-at="2018-09-07T12:07:43Z">
          <reporter-output>
          </reporter-output>
        </test-method> <!-- postAPITest -->
      </class> <!-- com.qa.test.postAPITestClass -->
    </test> <!-- Default test -->
  </suite> <!-- Default suite -->
</testng-results>
